# Logfile created on 2014-03-12 18:44:00 +0100 by logger.rb/44203
D, [2014-03-12T18:44:00.051028 #4914] DEBUG -- : REQUESTING PAGE: GET / with {} and HTTP headers {}
D, [2014-03-12T18:44:41.131085 #4932] DEBUG -- : REQUESTING PAGE: GET / with {} and HTTP headers {}
D, [2014-03-12T18:44:41.158775 #4932] DEBUG -- : REQUESTING PAGE: GET /about with {} and HTTP headers {"HTTP_REFERER"=>"/"}
D, [2014-03-12T18:44:57.899807 #4943] DEBUG -- : REQUESTING PAGE: GET / with {} and HTTP headers {}
D, [2014-03-12T18:44:57.927930 #4943] DEBUG -- : REQUESTING PAGE: GET /about with {} and HTTP headers {"HTTP_REFERER"=>"/"}
D, [2014-03-12T18:44:57.948072 #4943] DEBUG -- : REQUESTING PAGE: GET /contact with {} and HTTP headers {"HTTP_REFERER"=>"/about"}
D, [2014-03-12T18:45:25.843090 #4948] DEBUG -- : REQUESTING PAGE: GET / with {} and HTTP headers {}
D, [2014-03-12T18:45:25.869938 #4948] DEBUG -- : REQUESTING PAGE: GET /about with {} and HTTP headers {"HTTP_REFERER"=>"/"}
D, [2014-03-12T18:45:25.891609 #4948] DEBUG -- : REQUESTING PAGE: GET /contact with {} and HTTP headers {"HTTP_REFERER"=>"/about"}
D, [2014-03-12T18:45:25.911946 #4948] DEBUG -- : REQUESTING PAGE: GET / with {} and HTTP headers {"HTTP_REFERER"=>"/contact"}
D, [2014-03-12T18:45:44.482792 #4961] DEBUG -- : REQUESTING PAGE: GET / with {} and HTTP headers {}
D, [2014-03-12T18:45:44.507636 #4961] DEBUG -- : REQUESTING PAGE: GET /about with {} and HTTP headers {"HTTP_REFERER"=>"/"}
D, [2014-03-12T18:45:44.526373 #4961] DEBUG -- : REQUESTING PAGE: GET /contact with {} and HTTP headers {"HTTP_REFERER"=>"/about"}
D, [2014-03-12T18:45:44.551576 #4961] DEBUG -- : REQUESTING PAGE: GET / with {} and HTTP headers {"HTTP_REFERER"=>"/contact"}
D, [2014-03-12T18:45:44.582774 #4961] DEBUG -- : REQUESTING PAGE: GET /signup with {} and HTTP headers {"HTTP_REFERER"=>"/"}
D, [2014-03-12T18:47:12.346154 #4980] DEBUG -- : REQUESTING PAGE: GET / with {} and HTTP headers {}
D, [2014-03-12T18:47:12.370866 #4980] DEBUG -- : REQUESTING PAGE: GET /about with {} and HTTP headers {"HTTP_REFERER"=>"/"}
D, [2014-03-12T18:47:12.409517 #4980] DEBUG -- : REQUESTING PAGE: GET /contact with {} and HTTP headers {"HTTP_REFERER"=>"/about"}
D, [2014-03-12T18:47:12.430614 #4980] DEBUG -- : REQUESTING PAGE: GET / with {} and HTTP headers {"HTTP_REFERER"=>"/contact"}
D, [2014-03-12T18:47:12.452725 #4980] DEBUG -- : REQUESTING PAGE: GET /signup with {} and HTTP headers {"HTTP_REFERER"=>"/"}
D, [2014-03-12T18:50:23.147170 #5113] DEBUG -- : REQUESTING PAGE: GET / with {} and HTTP headers {}
D, [2014-03-12T18:50:23.183941 #5113] DEBUG -- : REQUESTING PAGE: GET /about with {} and HTTP headers {"HTTP_REFERER"=>"/"}
D, [2014-03-12T18:50:23.200024 #5113] DEBUG -- : REQUESTING PAGE: GET /contact with {} and HTTP headers {"HTTP_REFERER"=>"/about"}
D, [2014-03-12T18:50:23.215765 #5113] DEBUG -- : REQUESTING PAGE: GET / with {} and HTTP headers {"HTTP_REFERER"=>"/contact"}
D, [2014-03-12T18:50:23.231581 #5113] DEBUG -- : REQUESTING PAGE: GET /signup with {} and HTTP headers {"HTTP_REFERER"=>"/"}
